2025-02-06 09:53:57,502 - INFO: 初始化微信守护程序
2025-02-06 09:54:02,253 - INFO: 显示帮助窗口
2025-02-06 09:54:06,377 - INFO: 尝试开始守护模式
2025-02-06 09:54:06,383 - INFO: 守护线程启动
2025-02-06 09:54:06,383 - INFO: 守护模式已启动
2025-02-06 09:54:07,837 - INFO: 停止守护模式
2025-02-06 09:54:09,202 - INFO: 打开设置界面
2025-02-06 09:54:15,548 - INFO: 尝试开始守护模式
2025-02-06 09:54:15,586 - INFO: 守护线程启动
2025-02-06 09:54:15,586 - INFO: 守护模式已启动
2025-02-06 09:54:16,775 - INFO: 停止守护模式
2025-02-06 09:54:18,053 - INFO: 系统托盘图标双击，尝试启动守护模式
2025-02-06 09:54:18,054 - INFO: 尝试开始守护模式
2025-02-06 09:54:18,060 - INFO: 守护线程启动
2025-02-06 09:54:18,060 - INFO: 守护模式已启动
2025-02-06 09:54:19,005 - INFO: 系统托盘图标双击，尝试启动守护模式
2025-02-06 09:54:19,006 - INFO: 尝试开始守护模式
2025-02-06 09:54:20,361 - INFO: 停止守护模式
2025-02-06 09:54:23,535 - INFO: 停止守护模式
2025-02-06 09:54:25,122 - INFO: 打开设置界面
2025-02-06 09:54:31,459 - INFO: 尝试开始守护模式
2025-02-06 09:54:31,465 - INFO: 守护线程启动
2025-02-06 09:54:31,465 - INFO: 守护模式已启动
2025-02-06 09:54:32,695 - INFO: 停止守护模式
2025-02-06 09:54:34,131 - INFO: 打开设置界面
2025-02-06 09:54:37,171 - INFO: 退出程序
2025-02-06 09:54:37,171 - INFO: 停止守护模式
